Using pre-set license
Built from '2020.3/staging' branch; Version is '2020.3.16f1 (049d6eca3c44) revision 302446'; Using compiler version '192528614'; Build Type 'Release'
OS: 'Windows 10 Pro; OS build 19042.1110; Version 2009; 64bit' Language: 'en' Physical Memory: 3975 MB
BatchMode: 1, IsHumanControllingUs: 0, StartBugReporterOnCrash: 0, Is64bit: 1, IsPro: 0

 COMMAND LINE ARGUMENTS:
D:\UNHUB\Editor\Unity.exe
-adb2
-batchMode
-noUpm
-name
AssetImportWorker4
-projectPath
D:/prototipeStandVR/webVR
-logFile
Logs/AssetImportWorker4.log
-srvPort
50914
Successfully changed project path to: D:/prototipeStandVR/webVR
D:/prototipeStandVR/webVR
Using Asset Import Pipeline V2.
Refreshing native plugins compatible for Editor in 269.99 ms, found 2 plugins.
Preloading 0 native plugins for Editor in 0.00 ms.
Initialize engine version: 2020.3.16f1 (049d6eca3c44)
[Subsystems] Discovering subsystems at path D:/UNHUB/Editor/Data/Resources/UnitySubsystems
[Subsystems] Discovering subsystems at path D:/prototipeStandVR/webVR/Assets
GfxDevice: creating device client; threaded=0
Direct3D:
    Version:  Direct3D 11.0 [level 11.1]
    Renderer: Intel(R) HD Graphics 620 (ID=0x5921)
    Vendor:   
    VRAM:     1987 MB
    Driver:   27.20.100.8681
Initialize mono
Mono path[0] = 'D:/UNHUB/Editor/Data/Managed'
Mono path[1] = 'D:/UNHUB/Editor/Data/MonoBleedingEdge/lib/mono/unityjit'
Mono config path = 'D:/UNHUB/Editor/Data/MonoBleedingEdge/etc'
Using monoOptions --debugger-agent=transport=dt_socket,embedding=1,server=y,suspend=n,address=127.0.0.1:56368
Begin MonoManager ReloadAssembly
